START report: Mon May 17 11:31:24 2021 
Warning: (eldo - 902)  In file "/home/mariagrazia.graziano/ms/cap5/lib/diode.lib" line 25:
+   In model: "DNPPSD". Parameter: "ISRH" ignored.
Warning: (eldo - 902)  In file "/home/mariagrazia.graziano/ms/cap5/lib/diode.lib" line 25:
+   In model: "DNPPSD". Parameter: "CSO" ignored.
Warning: (eldo - 902)  In file "/home/mariagrazia.graziano/ms/cap5/lib/diode.lib" line 26:
+   In model: "DNPPSD". Parameter: "MS" ignored.
Warning: (eldo - 902)  In file "/home/mariagrazia.graziano/ms/cap5/lib/diode.lib" line 56:
+   In model: "DPPNWD". Parameter: "ISRH" ignored.
Warning: (eldo - 902)  In file "/home/mariagrazia.graziano/ms/cap5/lib/diode.lib" line 56:
+   In model: "DPPNWD". Parameter: "CSO" ignored.
Warning: (eldo - 902)  In file "/home/mariagrazia.graziano/ms/cap5/lib/diode.lib" line 57:
+   In model: "DPPNWD". Parameter: "MS" ignored.
Warning: (eldo - 902)  In file "/home/mariagrazia.graziano/ms/cap5/lib/diode.lib" line 87:
+   In model: "DNWPSD". Parameter: "ISRH" ignored.
Warning: (eldo - 902)  In file "/home/mariagrazia.graziano/ms/cap5/lib/diode.lib" line 87:
+   In model: "DNWPSD". Parameter: "CSO" ignored.
Warning: (eldo - 902)  In file "/home/mariagrazia.graziano/ms/cap5/lib/diode.lib" line 88:
+   In model: "DNWPSD". Parameter: "MS" ignored.
Warning: (eldo - 902)  In file "/home/mariagrazia.graziano/ms/cap5/lib/diode.lib" line 118:
+   In model: "DPWNISOD". Parameter: "ISRH" ignored.
Warning: (eldo - 902)  In file "/home/mariagrazia.graziano/ms/cap5/lib/diode.lib" line 118:
+   In model: "DPWNISOD". Parameter: "CSO" ignored.
Warning: (eldo - 902)  In file "/home/mariagrazia.graziano/ms/cap5/lib/diode.lib" line 119:
+   In model: "DPWNISOD". Parameter: "MS" ignored.
Warning: (eldo - 902)  In file "/home/mariagrazia.graziano/ms/cap5/lib/diode.lib" line 149:
+   In model: "DNPPS3V3D". Parameter: "ISRH" ignored.
Warning: (eldo - 902)  In file "/home/mariagrazia.graziano/ms/cap5/lib/diode.lib" line 149:
+   In model: "DNPPS3V3D". Parameter: "CSO" ignored.
Warning: (eldo - 902)  In file "/home/mariagrazia.graziano/ms/cap5/lib/diode.lib" line 150:
+   In model: "DNPPS3V3D". Parameter: "MS" ignored.
Warning: (eldo - 902)  In file "/home/mariagrazia.graziano/ms/cap5/lib/diode.lib" line 180:
+   In model: "DPPNW3V3D". Parameter: "ISRH" ignored.
Warning: (eldo - 902)  In file "/home/mariagrazia.graziano/ms/cap5/lib/diode.lib" line 180:
+   In model: "DPPNW3V3D". Parameter: "CSO" ignored.
Warning: (eldo - 902)  In file "/home/mariagrazia.graziano/ms/cap5/lib/diode.lib" line 181:
+   In model: "DPPNW3V3D". Parameter: "MS" ignored.
Warning: (eldo - 252)  In file "/home/mariagrazia.graziano/ms/cap5/lib/CMOS013.spi" line 66:
+   OBJECT "XNAND.C2": Self-connected object not created.
