
Cadence Innovus(TM) Implementation System.
Copyright 2017 Cadence Design Systems, Inc. All rights reserved worldwide.

Version:	v17.11-s080_1, built Fri Aug 4 11:13:11 PDT 2017
Options:	
Date:		Mon May 31 10:58:19 2021
Host:		localhost.localdomain (x86_64 w/Linux 3.10.0-1062.12.1.el7.x86_64) (1core*12cpus*Westmere E56xx/L56xx/X56xx (Nehalem-C) 4096KB)
OS:		CentOS Linux release 7.7.1908 (Core)

License:
		invs	Innovus Implementation System	17.1	checkout succeeded
		8 CPU jobs allowed with the current license(s). Use setMultiCpuUsage to set your required CPU count.
Change the soft stacksize limit to 0.2%RAM (128 mbytes). Set global soft_stack_size_limit to change the value.

**INFO:  MMMC transition support version v31-84 

<CMD> set_global _enable_mmmc_by_default_flow      $CTE::mmmc_default
<CMD> suppressMessage ENCEXT-2799
<CMD> getDrawView
<CMD> loadWorkspace -name Physical
<CMD> win

*** Memory Usage v#1 (Current mem = 484.301M, initial mem = 187.688M) ***
*** Message Summary: 0 warning(s), 0 error(s)

--- Ending "Innovus" (totcpu=0:00:28.4, real=0:01:07, mem=484.3M) ---
