 
****************************************
Report : area
Design : P4_ADDER_NBIT32
Version: F-2011.09-SP3
Date   : Thu Mar 25 11:19:44 2021
****************************************

Library(s) Used:

    NangateOpenCellLibrary (File: /home/mariagrazia.graziano/do/libnangate/NangateOpenCellLibrary_typical_ecsm.db)

Number of ports:                           98
Number of nets:                           112
Number of cells:                            9
Number of combinational cells:              7
Number of sequential cells:                 0
Number of macros:                           0
Number of buf/inv:                          7
Number of references:                       3

Combinational area:        592.115996
Noncombinational area:       0.000000
Net Interconnect area:      undefined  (Wire load has zero net area)

Total cell area:           592.115996
Total area:                 undefined
1
