Information: Updating design information... (UID-85)
Warning: Design 'registerfile_generic_NBIT_DATA32_NBIT_ADD5' contains 1 high-fanout nets. A fanout number of 1000 will be used for delay calculations involving these nets. (TIM-134)
 
****************************************
Report : timing
        -path full
        -delay max
        -max_paths 1
Design : registerfile_generic_NBIT_DATA32_NBIT_ADD5
Version: F-2011.09-SP3
Date   : Fri Apr 23 17:39:02 2021
****************************************

 # A fanout number of 1000 was used for high fanout net computations.

Operating Conditions: typical   Library: NangateOpenCellLibrary
Wire Load Model Mode: top

  Startpoint: REGISTERS_reg[6][0]
              (rising edge-triggered flip-flop clocked by PLK)
  Endpoint: OUT1_reg[0]
            (rising edge-triggered flip-flop clocked by PLK)
  Path Group: PLK
  Path Type: max

  Des/Clust/Port     Wire Load Model       Library
  ------------------------------------------------
  registerfile_generic_NBIT_DATA32_NBIT_ADD5
                     5K_hvratio_1_1        NangateOpenCellLibrary

  Point                                    Incr       Path
  -----------------------------------------------------------
  clock PLK (rise edge)                    0.00       0.00
  clock network delay (ideal)              0.00       0.00
  REGISTERS_reg[6][0]/CK (DFF_X1)          0.00 #     0.00 r
  REGISTERS_reg[6][0]/Q (DFF_X1)           0.08       0.08 f
  U9218/ZN (AOI22_X1)                      0.06       0.14 r
  U8970/ZN (OAI221_X1)                     0.05       0.19 f
  U8968/ZN (OAI21_X1)                      0.05       0.23 r
  U8466/ZN (AND4_X1)                       0.07       0.31 r
  U7662/ZN (NOR2_X1)                       0.02       0.33 f
  OUT1_reg[0]/D (DFF_X1)                   0.01       0.34 f
  data arrival time                                   0.34

  clock PLK (rise edge)                    2.00       2.00
  clock network delay (ideal)              0.00       2.00
  OUT1_reg[0]/CK (DFF_X1)                  0.00       2.00 r
  library setup time                      -0.04       1.96
  data required time                                  1.96
  -----------------------------------------------------------
  data required time                                  1.96
  data arrival time                                  -0.34
  -----------------------------------------------------------
  slack (MET)                                         1.62


1
