/software/synopsys/syn_current_64.11/auxx/gui/dv/dv_setup.tcl
/software/synopsys/syn_current_64.11/auxx/gui/syn/snpsSynProcs.tcl
/software/synopsys/syn_current_64.11/auxx/tcllib/lib/tcl8.4/package.tcl
/software/synopsys/syn_current_64.11/auxx/gui/syn/layout/pkgIndex.tcl
/software/synopsys/syn_current_64.11/auxx/gui/common/histogram/pkgIndex.tcl
/software/synopsys/syn_current_64.11/auxx/gui/common/misc/pkgIndex.tcl
/software/synopsys/syn_current_64.11/auxx/gui/common/view/pkgIndex.tcl
/software/synopsys/syn_current_64.11/auxx/gui/common/tcl-dp/pkgIndex.tcl
/software/synopsys/syn_current_64.11/auxx/gui/common/fanoutviewer/pkgIndex.tcl
/software/synopsys/syn_current_64.11/auxx/gui/common/setup/pkgIndex.tcl
/software/synopsys/syn_current_64.11/auxx/gui/common/WindowFrameWork/pkgIndex.tcl
/software/synopsys/syn_current_64.11/auxx/gui/common/hierarchy/pkgIndex.tcl
/software/synopsys/syn_current_64.11/auxx/gui/common/profiler/pkgIndex.tcl
/software/synopsys/syn_current_64.11/auxx/gui/common/strokes/pkgIndex.tcl
/software/synopsys/syn_current_64.11/auxx/gui/common/timing/pkgIndex.tcl
/software/synopsys/syn_current_64.11/auxx/gui/common/dialogs/pkgIndex.tcl
/software/synopsys/syn_current_64.11/auxx/gui/common/regressionToolkit/pkgIndex.tcl
/software/synopsys/syn_current_64.11/auxx/gui/common/qtcl/pkgIndex.tcl
/software/synopsys/syn_current_64.11/auxx/gui/common/docBrowser/pkgIndex.tcl
/software/synopsys/syn_current_64.11/auxx/gui/common/highlight/pkgIndex.tcl
/software/synopsys/syn_current_64.11/auxx/gui/common/layout/pkgIndex.tcl
/software/synopsys/syn_current_64.11/auxx/gui/common/table/pkgIndex.tcl
/software/synopsys/syn_current_64.11/auxx/gui/common/schematic/pkgIndex.tcl
/software/synopsys/syn_current_64.11/auxx/gui/common/opdlg/pkgIndex.tcl
/software/synopsys/syn_current_64.11/auxx/gui/common/select/pkgIndex.tcl
/software/synopsys/syn_current_64.11/auxx/gui/common/menus/pkgIndex.tcl
/software/synopsys/syn_current_64.11/auxx/gui/common/pathinspector/pkgIndex.tcl
/software/synopsys/syn_current_64.11/auxx/gui/common/libviewer/pkgIndex.tcl
/software/synopsys/syn_current_64.11/auxx/tcllib/snps_tcl/snpsUtils/pkgIndex.tcl
/software/synopsys/syn_current_64.11/auxx/tcllib/snps_tcl/snpsTest/pkgIndex.tcl
/software/synopsys/syn_current_64.11/auxx/tcllib/snps_tcl/snpsTclPro/pkgIndex.tcl
/software/synopsys/syn_current_64.11/auxx/tcllib/snps_tcl/pkgIndex.tcl
/software/synopsys/syn_current_64.11/auxx/tcllib/lib/tcl8.4/dde/pkgIndex.tcl
/software/synopsys/syn_current_64.11/auxx/tcllib/lib/tcl8.4/tcltest/pkgIndex.tcl
/software/synopsys/syn_current_64.11/auxx/tcllib/lib/tcl8.4/http/pkgIndex.tcl
/software/synopsys/syn_current_64.11/auxx/tcllib/lib/tcl8.4/opt/pkgIndex.tcl
/software/synopsys/syn_current_64.11/auxx/tcllib/lib/tcl8.4/msgcat/pkgIndex.tcl
/software/synopsys/syn_current_64.11/auxx/tcllib/lib/tcl8.4/reg/pkgIndex.tcl
/software/synopsys/syn_current_64.11/auxx/tcllib/lib/tcl8.4/http1.0/pkgIndex.tcl
/software/synopsys/syn_current_64.11/auxx/gui/common/setup/snpsCommonSetup.tcl
/software/synopsys/syn_current_64.11/auxx/gui/common/setup/snpsCustomize.tcl
/software/synopsys/syn_current_64.11/auxx/gui/common/setup/snpsProcheck.tcl
/software/synopsys/syn_current_64.11/auxx/gui/common/qtcl/.synopsys_qtcl.tcl
/software/synopsys/syn_current_64.11/auxx/gui/common/highlight/highlight.tcl
/software/synopsys/syn_current_64.11/auxx/gui/common/misc/base.tcl
/software/synopsys/syn_current_64.11/auxx/gui/common/misc/timing.tcl
/software/synopsys/syn_current_64.11/auxx/gui/common/misc/setting.tcl
/software/synopsys/syn_current_64.11/auxx/gui/common/docBrowser/docBrowser.tcl
/software/synopsys/syn_current_64.11/auxx/tcllib/snps_tcl/snpsUtils/snpsUtils.tcl
/software/synopsys/syn_current_64.11/auxx/gui/common/WindowFrameWork/windowFrameWork.tcl
/software/synopsys/syn_current_64.11/auxx/gui/common/WindowFrameWork/skipBusyCursorCmdList.tcl
/software/synopsys/syn_current_64.11/auxx/gui/common/dialogs/ObjectChooser.tcl
/software/synopsys/syn_current_64.11/auxx/gui/common/misc/DialogObjectChooser.tcl
/software/synopsys/syn_current_64.11/auxx/gui/common/dialogs/HistBinInformation.tcl
/software/synopsys/syn_current_64.11/auxx/gui/common/dialogs/HistBin1Information.tcl
/software/synopsys/syn_current_64.11/auxx/gui/common/dialogs/BinsOnlyInformation.tcl
/software/synopsys/syn_current_64.11/auxx/gui/common/dialogs/FileChooser.tcl
/software/synopsys/syn_current_64.11/auxx/gui/common/dialogs/PathPinSimpleInfo.tcl
/software/synopsys/syn_current_64.11/auxx/gui/common/dialogs/PathsBasicInfo.tcl
/software/synopsys/syn_current_64.11/auxx/gui/common/dialogs/PathsBasicSimpleInfo.tcl
/software/synopsys/syn_current_64.11/auxx/gui/common/dialogs/SlctOperationInfo.tcl
/software/synopsys/syn_current_64.11/auxx/gui/common/dialogs/ObjectListInfo.tcl
/software/synopsys/syn_current_64.11/auxx/gui/common/dialogs/FanInOutInfo.tcl
/software/synopsys/syn_current_64.11/auxx/gui/common/dialogs/NumberOfLevelsChooser.tcl
/software/synopsys/syn_current_64.11/auxx/gui/common/dialogs/WindowReuseInfo.tcl
/software/synopsys/syn_current_64.11/auxx/gui/common/dialogs/ReportOutputOptionInfo.tcl
/software/synopsys/syn_current_64.11/auxx/gui/common/setup/snpsCollections.tcl
/software/synopsys/syn_current_64.11/auxx/gui/common/dialogs/CompileLinkDesign.tcl
/software/synopsys/syn_current_64.11/auxx/gui/common/histogram/DialogEndpointSlack.tcl
/software/synopsys/syn_current_64.11/auxx/gui/common/histogram/DialogPathsSlack.tcl
/software/synopsys/syn_current_64.11/auxx/gui/common/histogram/DialogNetCapacitance.tcl
/software/synopsys/syn_current_64.11/auxx/gui/common/schematic/DialogPathSchematicFanInOut.tcl
/software/synopsys/syn_current_64.11/auxx/gui/common/schematic/DialogPathSchematicAddPaths.tcl
/home/ms21.16/gabri-ms-lab/ms-lab/DLX/DLX_synthesis/synthesis.script
/home/ms21.16/gabri-ms-lab/ms-lab/DLX/DLX_synthesis/000-globals.vhd
/home/ms21.16/gabri-ms-lab/ms-lab/DLX/DLX_synthesis/a.b-DataPath.core/a.b.a-windowedRF.core/a.b.a.m-utils.vhd
/home/ms21.16/gabri-ms-lab/ms-lab/DLX/DLX_synthesis/a.b-DataPath.core/a.b.a-windowedRF.core/a.b.a.a-addr_encoder.vhd
/home/ms21.16/gabri-ms-lab/ms-lab/DLX/DLX_synthesis/a.b-DataPath.core/a.b.a-windowedRF.core/a.b.a.b-address_generator.vhd
/home/ms21.16/gabri-ms-lab/ms-lab/DLX/DLX_synthesis/a.b-DataPath.core/a.b.a-windowedRF.core/a.b.a.c-connection_mtx.vhd
/home/ms21.16/gabri-ms-lab/ms-lab/DLX/DLX_synthesis/a.b-DataPath.core/a.b.a-windowedRF.core/a.b.a.d-decoder.vhd
/home/ms21.16/gabri-ms-lab/ms-lab/DLX/DLX_synthesis/a.b-DataPath.core/a.b.a-windowedRF.core/a.b.a.e-equal_check.vhd
/home/ms21.16/gabri-ms-lab/ms-lab/DLX/DLX_synthesis/a.b-DataPath.core/a.b.a-windowedRF.core/a.b.a.f-in_loc_selblock.vhd
/home/ms21.16/gabri-ms-lab/ms-lab/DLX/DLX_synthesis/a.b-DataPath.core/a.b.a-windowedRF.core/a.b.a.g-mux.vhd
/home/ms21.16/gabri-ms-lab/ms-lab/DLX/DLX_synthesis/a.b-DataPath.core/a.b.a-windowedRF.core/a.b.a.h-nwin_calc.vhd
/home/ms21.16/gabri-ms-lab/ms-lab/DLX/DLX_synthesis/a.b-DataPath.core/a.b.a-windowedRF.core/a.b.a.i-reg_generic.vhd
/home/ms21.16/gabri-ms-lab/ms-lab/DLX/DLX_synthesis/a.b-DataPath.core/a.b.a-windowedRF.core/a.b.a.l-select_block.vhd
/home/ms21.16/gabri-ms-lab/ms-lab/DLX/DLX_synthesis/a.b-DataPath.core/a.b.a-windowedRF.core/a.b.a.n-latch_generic.vhd
/home/ms21.16/gabri-ms-lab/ms-lab/DLX/DLX_synthesis/a.b-DataPath.core/a.b.a-windowedRF.vhd
/home/ms21.16/gabri-ms-lab/ms-lab/DLX/DLX_synthesis/a.b-DataPath.core/a.b.b-mux2to1.vhd
/home/ms21.16/gabri-ms-lab/ms-lab/DLX/DLX_synthesis/a.b-DataPath.core/a.b.d-ALU.core/a.b.d.a-logic.vhd
/home/ms21.16/gabri-ms-lab/ms-lab/DLX/DLX_synthesis/a.b-DataPath.core/a.b.d-ALU.core/a.b.d.b-multiplier.core/a.b.d.b.a-adder.vhd
/home/ms21.16/gabri-ms-lab/ms-lab/DLX/DLX_synthesis/a.b-DataPath.core/a.b.d-ALU.core/a.b.d.b-multiplier.core/a.b.d.b.b-encoder.vhd
/home/ms21.16/gabri-ms-lab/ms-lab/DLX/DLX_synthesis/a.b-DataPath.core/a.b.d-ALU.core/a.b.d.b-multiplier.core/a.b.d.b.c-mux3_1.vhd
/home/ms21.16/gabri-ms-lab/ms-lab/DLX/DLX_synthesis/a.b-DataPath.core/a.b.d-ALU.core/a.b.d.b-multiplier.vhd
/home/ms21.16/gabri-ms-lab/ms-lab/DLX/DLX_synthesis/a.b-DataPath.core/a.b.d-ALU.core/a.b.d.c-adder.core/a.b.d.c.a-carry_generator.vhd
/home/ms21.16/gabri-ms-lab/ms-lab/DLX/DLX_synthesis/a.b-DataPath.core/a.b.d-ALU.core/a.b.d.c-adder.core/a.b.d.c.b-carry_select_block.vhd
/home/ms21.16/gabri-ms-lab/ms-lab/DLX/DLX_synthesis/a.b-DataPath.core/a.b.d-ALU.core/a.b.d.c-adder.core/a.b.d.c.d-fa.vhd
/home/ms21.16/gabri-ms-lab/ms-lab/DLX/DLX_synthesis/a.b-DataPath.core/a.b.d-ALU.core/a.b.d.c-adder.core/a.b.d.c.e-GG.vhd
/home/ms21.16/gabri-ms-lab/ms-lab/DLX/DLX_synthesis/a.b-DataPath.core/a.b.d-ALU.core/a.b.d.c-adder.core/a.b.d.c.f-mux21_generic.vhd
/home/ms21.16/gabri-ms-lab/ms-lab/DLX/DLX_synthesis/a.b-DataPath.core/a.b.d-ALU.core/a.b.d.c-adder.core/a.b.d.c.g-PG.vhd
/home/ms21.16/gabri-ms-lab/ms-lab/DLX/DLX_synthesis/a.b-DataPath.core/a.b.d-ALU.core/a.b.d.c-adder.core/a.b.d.c.h-prop_gen.vhd
/home/ms21.16/gabri-ms-lab/ms-lab/DLX/DLX_synthesis/a.b-DataPath.core/a.b.d-ALU.core/a.b.d.c-adder.core/a.b.d.c.i-prop_gen_generic.vhd
/home/ms21.16/gabri-ms-lab/ms-lab/DLX/DLX_synthesis/a.b-DataPath.core/a.b.d-ALU.core/a.b.d.c-adder.core/a.b.d.c.l-rca_generic.vhd
/home/ms21.16/gabri-ms-lab/ms-lab/DLX/DLX_synthesis/a.b-DataPath.core/a.b.d-ALU.core/a.b.d.c-adder.core/a.b.d.c.m-sum_generator.vhd
/home/ms21.16/gabri-ms-lab/ms-lab/DLX/DLX_synthesis/a.b-DataPath.core/a.b.d-ALU.core/a.b.d.c-adder.vhd
/home/ms21.16/gabri-ms-lab/ms-lab/DLX/DLX_synthesis/a.b-DataPath.core/a.b.d-ALU.core/a.b.d.e-shifter.vhd
/home/ms21.16/gabri-ms-lab/ms-lab/DLX/DLX_synthesis/a.b-DataPath.core/a.b.d-ALU.vhd
/home/ms21.16/gabri-ms-lab/ms-lab/DLX/DLX_synthesis/a.b-DataPath.core/a.b.e-wRF_CU.vhd
/home/ms21.16/gabri-ms-lab/ms-lab/DLX/DLX_synthesis/a.b-DataPath.core/a.b.f-set_comparator.vhd
/home/ms21.16/gabri-ms-lab/ms-lab/DLX/DLX_synthesis/a.b-DataPath.core/a.b.g-datamem_ldstr.vhd
/home/ms21.16/gabri-ms-lab/ms-lab/DLX/DLX_synthesis/a.b-DataPath.core/a.b.h-addr_mask.vhd
/home/ms21.16/gabri-ms-lab/ms-lab/DLX/DLX_synthesis/a.b-DataPath.vhd
/home/ms21.16/gabri-ms-lab/ms-lab/DLX/DLX_synthesis/a.d-decode.core/a.d.a-hazard_table.vhd
/home/ms21.16/gabri-ms-lab/ms-lab/DLX/DLX_synthesis/a.d-decode.core/a.d.b-comparator.vhd
/home/ms21.16/gabri-ms-lab/ms-lab/DLX/DLX_synthesis/a.d-decode.core/a.d.c-ha_counter.vhd
/home/ms21.16/gabri-ms-lab/ms-lab/DLX/DLX_synthesis/a.d-decode.vhd
/home/ms21.16/gabri-ms-lab/ms-lab/DLX/DLX_synthesis/a.a-CU_HW.vhd
/home/ms21.16/gabri-ms-lab/ms-lab/DLX/DLX_synthesis/a-DLX.vhd
/home/mariagrazia.graziano/do/libnangate/NangateOpenCellLibrary_typical_ecsm.db
/software/synopsys/syn_current_64.11/libraries/syn/gtech.db
/software/synopsys/syn_current_64.11/libraries/syn/standard.sldb
/home/ms21.16/synopsys_cache_F-2011.09-SP3/DW01/DW01_dec/rpl/3/NangateOpenCellLibrary_typical_ecsm_7321/element.ddc
/home/ms21.16/synopsys_cache_F-2011.09-SP3/DW01/DW01_inc/rpl/3/NangateOpenCellLibrary_typical_ecsm_7321/element.ddc
/home/ms21.16/synopsys_cache_F-2011.09-SP3/DW01/DW01_cmp6/rpl/5/NangateOpenCellLibrary_typical_ecsm_7321/element.ddc
/home/ms21.16/synopsys_cache_F-2011.09-SP3/DW01/DW01_add/rpl/64/NangateOpenCellLibrary_typical_ecsm_7321/element.ddc
/home/ms21.16/synopsys_cache_F-2011.09-SP3/DW01/DW01_sub/rpl/64/NangateOpenCellLibrary_typical_ecsm_7321/element.ddc
/home/ms21.16/synopsys_cache_F-2011.09-SP3/DW01/DW01_add/rpl/62/NangateOpenCellLibrary_typical_ecsm_7321/element.ddc
/home/ms21.16/synopsys_cache_F-2011.09-SP3/DW01/DW01_sub/rpl/62/NangateOpenCellLibrary_typical_ecsm_7321/element.ddc
/home/ms21.16/synopsys_cache_F-2011.09-SP3/DW01/DW01_add/rpl/60/NangateOpenCellLibrary_typical_ecsm_7321/element.ddc
/home/ms21.16/synopsys_cache_F-2011.09-SP3/DW01/DW01_sub/rpl/60/NangateOpenCellLibrary_typical_ecsm_7321/element.ddc
/home/ms21.16/synopsys_cache_F-2011.09-SP3/DW01/DW01_add/rpl/58/NangateOpenCellLibrary_typical_ecsm_7321/element.ddc
/home/ms21.16/synopsys_cache_F-2011.09-SP3/DW01/DW01_sub/rpl/58/NangateOpenCellLibrary_typical_ecsm_7321/element.ddc
/home/ms21.16/synopsys_cache_F-2011.09-SP3/DW01/DW01_add/rpl/56/NangateOpenCellLibrary_typical_ecsm_7321/element.ddc
/home/ms21.16/synopsys_cache_F-2011.09-SP3/DW01/DW01_sub/rpl/56/NangateOpenCellLibrary_typical_ecsm_7321/element.ddc
/home/ms21.16/synopsys_cache_F-2011.09-SP3/DW01/DW01_add/rpl/54/NangateOpenCellLibrary_typical_ecsm_7321/element.ddc
/home/ms21.16/synopsys_cache_F-2011.09-SP3/DW01/DW01_sub/rpl/54/NangateOpenCellLibrary_typical_ecsm_7321/element.ddc
/home/ms21.16/synopsys_cache_F-2011.09-SP3/DW01/DW01_add/rpl/52/NangateOpenCellLibrary_typical_ecsm_7321/element.ddc
/home/ms21.16/synopsys_cache_F-2011.09-SP3/DW01/DW01_sub/rpl/52/NangateOpenCellLibrary_typical_ecsm_7321/element.ddc
/home/ms21.16/synopsys_cache_F-2011.09-SP3/DW01/DW01_add/rpl/50/NangateOpenCellLibrary_typical_ecsm_7321/element.ddc
/home/ms21.16/synopsys_cache_F-2011.09-SP3/DW01/DW01_sub/rpl/50/NangateOpenCellLibrary_typical_ecsm_7321/element.ddc
/home/ms21.16/synopsys_cache_F-2011.09-SP3/DW01/DW01_add/rpl/48/NangateOpenCellLibrary_typical_ecsm_7321/element.ddc
/home/ms21.16/synopsys_cache_F-2011.09-SP3/DW01/DW01_sub/rpl/48/NangateOpenCellLibrary_typical_ecsm_7321/element.ddc
/home/ms21.16/synopsys_cache_F-2011.09-SP3/DW01/DW01_add/rpl/46/NangateOpenCellLibrary_typical_ecsm_7321/element.ddc
/home/ms21.16/synopsys_cache_F-2011.09-SP3/DW01/DW01_sub/rpl/46/NangateOpenCellLibrary_typical_ecsm_7321/element.ddc
/home/ms21.16/synopsys_cache_F-2011.09-SP3/DW01/DW01_add/rpl/44/NangateOpenCellLibrary_typical_ecsm_7321/element.ddc
/home/ms21.16/synopsys_cache_F-2011.09-SP3/DW01/DW01_sub/rpl/44/NangateOpenCellLibrary_typical_ecsm_7321/element.ddc
/home/ms21.16/synopsys_cache_F-2011.09-SP3/DW01/DW01_add/rpl/42/NangateOpenCellLibrary_typical_ecsm_7321/element.ddc
/home/ms21.16/synopsys_cache_F-2011.09-SP3/DW01/DW01_sub/rpl/42/NangateOpenCellLibrary_typical_ecsm_7321/element.ddc
/home/ms21.16/synopsys_cache_F-2011.09-SP3/DW01/DW01_add/rpl/40/NangateOpenCellLibrary_typical_ecsm_7321/element.ddc
/home/ms21.16/synopsys_cache_F-2011.09-SP3/DW01/DW01_sub/rpl/40/NangateOpenCellLibrary_typical_ecsm_7321/element.ddc
/home/ms21.16/synopsys_cache_F-2011.09-SP3/DW01/DW01_add/rpl/38/NangateOpenCellLibrary_typical_ecsm_7321/element.ddc
/home/ms21.16/synopsys_cache_F-2011.09-SP3/DW01/DW01_sub/rpl/38/NangateOpenCellLibrary_typical_ecsm_7321/element.ddc
/home/ms21.16/synopsys_cache_F-2011.09-SP3/DW01/DW01_add/rpl/36/NangateOpenCellLibrary_typical_ecsm_7321/element.ddc
/home/ms21.16/synopsys_cache_F-2011.09-SP3/DW01/DW01_sub/rpl/36/NangateOpenCellLibrary_typical_ecsm_7321/element.ddc
/home/ms21.16/synopsys_cache_F-2011.09-SP3/DW01/DW01_add/rpl/34/NangateOpenCellLibrary_typical_ecsm_7321/element.ddc
/home/ms21.16/synopsys_cache_F-2011.09-SP3/DW01/DW01_sub/rpl/34/NangateOpenCellLibrary_typical_ecsm_7321/element.ddc
/home/ms21.16/synopsys_cache_F-2011.09-SP3/DW01/DW01_add/rpl/32/NangateOpenCellLibrary_typical_ecsm_7321/element.ddc
/home/ms21.16/synopsys_cache_F-2011.09-SP3/DW01/DW01_sub/rpl/32/NangateOpenCellLibrary_typical_ecsm_7321/element.ddc
/home/ms21.16/synopsys_cache_F-2011.09-SP3/DW01/DW01_cmp2/rpl/11/NangateOpenCellLibrary_typical_ecsm_7321/element.ddc
/home/mariagrazia.graziano/do/libnangate/NangateOpenCellLibrary_typical_ecsm.db
