 
****************************************
Report : power
        -cell
        -analysis_effort low
        -sort_mode cell_internal_power
Design : SIPISOALU
Version: F-2011.09-SP3
Date   : Fri Apr 23 17:17:14 2021
****************************************


Library(s) Used:

    NangateOpenCellLibrary (File: /home/mariagrazia.graziano/do/libnangate/NangateOpenCellLibrary_typical_ecsm.db)


Operating Conditions: typical   Library: NangateOpenCellLibrary
Wire Load Model Mode: top

Design        Wire Load Model            Library
------------------------------------------------
SIPISOALU              5K_hvratio_1_1    NangateOpenCellLibrary


Global Operating Voltage = 1.1  
Power-specific unit information :
    Voltage Units = 1V
    Capacitance Units = 1.000000ff
    Time Units = 1ns
    Dynamic Power Units = 1uW    (derived from V,C,T units)
    Leakage Power Units = 1nW



  Attributes
  ----------
      h  -  Hierarchical cell

                        Cell      Driven Net  Tot Dynamic      Cell
                        Internal  Switching   Power            Leakage
Cell                    Power     Power       (% Cell/Tot)     Power      Attrs
--------------------------------------------------------------------------------
control                    5.0551       N/A        N/A (N/A)   1983.0474  h
PISO_reg[1]                0.7147 1.896e-03      0.717 (100%)   115.5705   
PISO_reg[2]                0.7127 1.671e-03      0.714 (100%)   115.5122   
PISO_reg[0]                0.7124 1.359e-03      0.714 (100%)   116.0355   
PISO_reg[3]                0.7109 1.060e-03      0.712 (100%)   115.3212   
PIPO_reg[2]                0.7106    0.0155      0.726 (98%)    118.4178   
PIPO_reg[0]                0.7095    0.0175      0.727 (98%)    118.6673   
PIPO_reg[1]                0.7091    0.0166      0.726 (98%)    118.5810   
SIPO_reg[2]                0.7078 7.777e-03      0.716 (99%)    118.3402   
SIPO_reg[0]                0.7077    0.0236      0.731 (97%)    119.0386   
SIPO_reg[1]                0.7075    0.0173      0.725 (98%)    118.7178   
PIPO_reg[3]                0.7075 8.339e-03      0.716 (99%)    118.6251   
U56                        0.0300 8.746e-03   3.88e-02 (77%)     29.3636   
U75                        0.0271    0.0157   4.28e-02 (63%)     44.9348   
U57                        0.0248    0.0102   3.51e-02 (71%)     27.9624   
U65                        0.0226 7.122e-03   2.97e-02 (76%)     40.5453   
U62                        0.0176 8.999e-03   2.66e-02 (66%)     26.7834   
U66                        0.0169 8.938e-03   2.59e-02 (65%)     26.4254   
U61                        0.0148 7.801e-03   2.26e-02 (65%)     38.2043   
U94                        0.0100    0.1937      0.204 (5%)      14.3532   
U95                     9.904e-03    0.0277   3.76e-02 (26%)     14.3532   
U77                     8.963e-03 3.561e-03   1.25e-02 (72%)     34.3636   
U87                     7.809e-03 3.136e-03   1.09e-02 (71%)     34.6372   
U79                     7.793e-03 3.083e-03   1.09e-02 (72%)     34.7481   
U83                     7.779e-03 3.120e-03   1.09e-02 (71%)     34.5875   
U85                     7.676e-03 3.077e-03   1.08e-02 (71%)     34.6713   
U78                     7.602e-03 5.712e-03   1.33e-02 (57%)     15.1046   
U80                     6.887e-03 5.317e-03   1.22e-02 (56%)      6.4458   
U81                     6.824e-03 2.692e-03   9.52e-03 (72%)     35.1098   
U89                     6.506e-03 3.242e-03   9.75e-03 (67%)     36.3177   
U90                     6.295e-03 4.951e-03   1.12e-02 (56%)      6.7792   
U82                     6.162e-03 4.761e-03   1.09e-02 (56%)      6.1706   
U88                     6.067e-03 4.772e-03   1.08e-02 (56%)      6.7792   
U86                     5.942e-03 4.673e-03   1.06e-02 (56%)      6.7792   
U84                     5.659e-03 4.732e-03   1.04e-02 (54%)     14.8568   
U71                     4.648e-03 2.799e-03   7.45e-03 (62%)     40.4484   
U69                     3.931e-03 5.039e-03   8.97e-03 (44%)     15.7272   
U67                     3.387e-03 2.623e-03   6.01e-03 (56%)     44.8580   
U58                     3.305e-03 3.792e-03   7.10e-03 (47%)     23.4836   
U55                     2.285e-03 1.053e-03   3.34e-03 (68%)     11.0845   
U68                     2.109e-03 1.364e-03   3.47e-03 (61%)      9.7831   
U54                     2.065e-03 8.072e-04   2.87e-03 (72%)     34.9605   
U92                     1.946e-03 6.010e-03   7.96e-03 (24%)     18.1504   
U60                     1.907e-03 7.971e-04   2.70e-03 (71%)      7.4009   
U73                     1.899e-03 1.258e-03   3.16e-03 (60%)      7.6235   
U72                     1.806e-03 9.426e-04   2.75e-03 (66%)     37.1525   
U76                     1.255e-03 3.402e-03   4.66e-03 (27%)     20.1526   
U59                     1.182e-03 6.213e-04   1.80e-03 (66%)     37.3022   
U70                     1.171e-03 1.008e-03   2.18e-03 (54%)     26.9935   
U93                     9.936e-04 1.078e-03   2.07e-03 (48%)     10.1395   
U74                     9.239e-04 2.974e-03   3.90e-03 (24%)     18.7524   
U91                     8.595e-04 3.253e-03   4.11e-03 (21%)     18.4727   
U63                     7.496e-04 4.408e-04   1.19e-03 (63%)     46.3393   
U64                        0.0000    0.0000      0.000 (N/A)     24.4964   
--------------------------------------------------------------------------------
Totals (54 cells)         13.174uW     N/A         N/A (N/A)      4.299uW
1
