 
****************************************
Report : area
Design : registerfile_generic_NBIT_DATA32_NBIT_ADD5
Version: F-2011.09-SP3
Date   : Fri Apr 23 16:02:10 2021
****************************************

Library(s) Used:

    NangateOpenCellLibrary (File: /home/mariagrazia.graziano/do/libnangate/NangateOpenCellLibrary_typical_ecsm.db)

Number of ports:                          117
Number of nets:                          3396
Number of cells:                         3348
Number of combinational cells:           2260
Number of sequential cells:              1088
Number of macros:                           0
Number of buf/inv:                        100
Number of references:                      13

Combinational area:       3955.685976
Noncombinational area:    4919.935822
Net Interconnect area:      undefined  (Wire load has zero net area)

Total cell area:          8875.621797
Total area:                 undefined
1
