Information: Updating design information... (UID-85)
Information: Propagating switching activity (low effort zero delay simulation). (PWR-6)
Warning: Design has unannotated primary inputs. (PWR-414)
Warning: Design has unannotated sequential cell outputs. (PWR-415)
 
****************************************
Report : power
        -analysis_effort low
Design : SIPISOALU
Version: F-2011.09-SP3
Date   : Fri Apr 23 17:17:05 2021
****************************************


Library(s) Used:

    NangateOpenCellLibrary (File: /home/mariagrazia.graziano/do/libnangate/NangateOpenCellLibrary_typical_ecsm.db)


Operating Conditions: typical   Library: NangateOpenCellLibrary
Wire Load Model Mode: top

Design        Wire Load Model            Library
------------------------------------------------
SIPISOALU              5K_hvratio_1_1    NangateOpenCellLibrary


Global Operating Voltage = 1.1  
Power-specific unit information :
    Voltage Units = 1V
    Capacitance Units = 1.000000ff
    Time Units = 1ns
    Dynamic Power Units = 1uW    (derived from V,C,T units)
    Leakage Power Units = 1nW


  Cell Internal Power  =  12.3707 uW   (87%)
  Net Switching Power  =   1.8296 uW   (13%)
                         ---------
Total Dynamic Power    =  14.2003 uW  (100%)

Cell Leakage Power     =   3.5822 uW


                 Internal         Switching           Leakage            Total
Power Group      Power            Power               Power              Power   (   %    )  Attrs
--------------------------------------------------------------------------------------------------
io_pad             0.0000            0.0000            0.0000            0.0000  (   0.00%)
memory             0.0000            0.0000            0.0000            0.0000  (   0.00%)
black_box          0.0000            0.0000            0.0000            0.0000  (   0.00%)
clock_network      0.0000            0.0000            0.0000            0.0000  (   0.00%)
register          11.4595            0.5186        1.3065e+03           13.2846  (  74.71%)
sequential         0.0000            0.0000            0.0000            0.0000  (   0.00%)
combinational      0.9112            1.3110        2.2757e+03            4.4979  (  25.29%)
--------------------------------------------------------------------------------------------------
Total             12.3707 uW         1.8296 uW     3.5822e+03 nW        17.7825 uW
1
